<?xml version="1.0" encoding="UTF-8"?>
<robot generator="Robot 3.1.2 (Python 3.7.4 on win32)" generated="20190713 19:37:56.085" rpa="false">
<suite id="s1" name="TestSuite1" source="C:\Users\Win\eclipse-workspace\RobotFrameWork\RobotProject1\test\TestSuite1.robot">
<kw name="Log" library="BuiltIn" type="setup">
<doc>Logs the given message with the given level.</doc>
<arguments>
<arg>I am inside Test Suite Setup</arg>
</arguments>
<msg timestamp="20190713 19:37:56.453" level="INFO">I am inside Test Suite Setup</msg>
<status status="PASS" starttime="20190713 19:37:56.453" endtime="20190713 19:37:56.454"></status>
</kw>
<test id="s1-t1" name="MyFirstTest">
<kw name="Log" library="BuiltIn" type="setup">
<doc>Logs the given message with the given level.</doc>
<arguments>
<arg>I am inside Test Step Setup</arg>
</arguments>
<msg timestamp="20190713 19:37:56.455" level="INFO">I am inside Test Step Setup</msg>
<status status="PASS" starttime="20190713 19:37:56.455" endtime="20190713 19:37:56.455"></status>
</kw>
<kw name="Log" library="BuiltIn">
<doc>Logs the given message with the given level.</doc>
<arguments>
<arg>Hello World....</arg>
</arguments>
<msg timestamp="20190713 19:37:56.456" level="INFO">Hello World....</msg>
<status status="PASS" starttime="20190713 19:37:56.456" endtime="20190713 19:37:56.456"></status>
</kw>
<kw name="Log" library="BuiltIn" type="teardown">
<doc>Logs the given message with the given level.</doc>
<arguments>
<arg>I am inside Test Teardown</arg>
</arguments>
<msg timestamp="20190713 19:37:56.457" level="INFO">I am inside Test Teardown</msg>
<status status="PASS" starttime="20190713 19:37:56.457" endtime="20190713 19:37:56.457"></status>
</kw>
<tags>
<tag>smoke</tag>
</tags>
<status status="PASS" starttime="20190713 19:37:56.454" endtime="20190713 19:37:56.458" critical="yes"></status>
</test>
<test id="s1-t2" name="MySecondTest">
<kw name="Log" library="BuiltIn" type="setup">
<doc>Logs the given message with the given level.</doc>
<arguments>
<arg>I am inside Test Step Setup</arg>
</arguments>
<msg timestamp="20190713 19:37:56.460" level="INFO">I am inside Test Step Setup</msg>
<status status="PASS" starttime="20190713 19:37:56.460" endtime="20190713 19:37:56.460"></status>
</kw>
<kw name="Log" library="BuiltIn">
<doc>Logs the given message with the given level.</doc>
<arguments>
<arg>Inside 2 test....</arg>
</arguments>
<msg timestamp="20190713 19:37:56.461" level="INFO">Inside 2 test....</msg>
<status status="PASS" starttime="20190713 19:37:56.461" endtime="20190713 19:37:56.461"></status>
</kw>
<kw name="Set Tags" library="BuiltIn">
<doc>Adds given ``tags`` for the current test or all tests in a suite.</doc>
<arguments>
<arg>Regression1</arg>
</arguments>
<msg timestamp="20190713 19:37:56.462" level="INFO">Set tag 'Regression1'.</msg>
<status status="PASS" starttime="20190713 19:37:56.462" endtime="20190713 19:37:56.463"></status>
</kw>
<kw name="Remove Tags" library="BuiltIn">
<doc>Removes given ``tags`` from the current test or all tests in a suite.</doc>
<arguments>
<arg>Regression1</arg>
</arguments>
<msg timestamp="20190713 19:37:56.464" level="INFO">Removed tag 'Regression1'.</msg>
<status status="PASS" starttime="20190713 19:37:56.463" endtime="20190713 19:37:56.464"></status>
</kw>
<kw name="Log" library="BuiltIn" type="teardown">
<doc>Logs the given message with the given level.</doc>
<arguments>
<arg>I am inside Test Teardown</arg>
</arguments>
<msg timestamp="20190713 19:37:56.465" level="INFO">I am inside Test Teardown</msg>
<status status="PASS" starttime="20190713 19:37:56.465" endtime="20190713 19:37:56.465"></status>
</kw>
<tags>
<tag>sanity</tag>
</tags>
<status status="PASS" starttime="20190713 19:37:56.460" endtime="20190713 19:37:56.466" critical="yes"></status>
</test>
<test id="s1-t3" name="MyThirdTest">
<kw name="Log" library="BuiltIn" type="setup">
<doc>Logs the given message with the given level.</doc>
<arguments>
<arg>I am inside Test Step Setup</arg>
</arguments>
<msg timestamp="20190713 19:37:56.469" level="INFO">I am inside Test Step Setup</msg>
<status status="PASS" starttime="20190713 19:37:56.469" endtime="20190713 19:37:56.469"></status>
</kw>
<kw name="Log" library="BuiltIn">
<doc>Logs the given message with the given level.</doc>
<arguments>
<arg>Inside 3 test....</arg>
</arguments>
<msg timestamp="20190713 19:37:56.470" level="INFO">Inside 3 test....</msg>
<status status="PASS" starttime="20190713 19:37:56.470" endtime="20190713 19:37:56.470"></status>
</kw>
<kw name="Log" library="BuiltIn" type="teardown">
<doc>Logs the given message with the given level.</doc>
<arguments>
<arg>I am inside Test Teardown</arg>
</arguments>
<msg timestamp="20190713 19:37:56.471" level="INFO">I am inside Test Teardown</msg>
<status status="PASS" starttime="20190713 19:37:56.471" endtime="20190713 19:37:56.471"></status>
</kw>
<tags>
<tag>sanity</tag>
</tags>
<status status="PASS" starttime="20190713 19:37:56.468" endtime="20190713 19:37:56.472" critical="yes"></status>
</test>
<kw name="Log" library="BuiltIn" type="teardown">
<doc>Logs the given message with the given level.</doc>
<arguments>
<arg>I am inside Test Suite Teardown</arg>
</arguments>
<msg timestamp="20190713 19:37:56.474" level="INFO">I am inside Test Suite Teardown</msg>
<status status="PASS" starttime="20190713 19:37:56.474" endtime="20190713 19:37:56.474"></status>
</kw>
<status status="PASS" starttime="20190713 19:37:56.138" endtime="20190713 19:37:56.474"></status>
</suite>
<statistics>
<total>
<stat pass="3" fail="0">Critical Tests</stat>
<stat pass="3" fail="0">All Tests</stat>
</total>
<tag>
<stat pass="2" fail="0">sanity</stat>
<stat pass="1" fail="0">smoke</stat>
</tag>
<suite>
<stat pass="3" fail="0" id="s1" name="TestSuite1">TestSuite1</stat>
</suite>
</statistics>
<errors>
</errors>
</robot>
